Detected First Name column: 2
Detected Last Name column: 3
Detected Department column: 7
Processing users...

Creating department groups...
Group already exists: Account Management (Linux name: Account_Management)
Group already exists: Creative (Linux name: Creative)
Group already exists: Environmental Compliance (Linux name: Environmental_Compliance)
Group already exists: Environmental Health/Safety (Linux name: Environmental_Health_Safety)
Group already exists: Facilities/Engineering (Linux name: Facilities_Engineering)
Group already exists: Green Building (Linux name: Green_Building)
Group already exists: Human Resources (Linux name: Human_Resources)
Group already exists: IT (Linux name: IT)
Group already exists: Major Mfg Projects (Linux name: Major_Mfg_Projects)
Group already exists: Manufacturing (Linux name: Manufacturing)
Group already exists: Manufacturing Admin (Linux name: Manufacturing_Admin)
Group already exists: Marketing (Linux name: Marketing)
Group already exists: Product Development (Linux name: Product_Development)
Group already exists: Professional Training Group (Linux name: Professional_Training_Group)
Group already exists: Quality Assurance (Linux name: Quality_Assurance)
Group already exists: Quality Control (Linux name: Quality_Control)
Group already exists: Research Center (Linux name: Research_Center)
Group already exists: Research/Development (Linux name: Research_Development)
Group already exists: Sales (Linux name: Sales)
Group already exists: Training (Linux name: Training)

Creating users and assigning groups...
User already exists: ghadirhmshw
Added ghadirhmshw to group: Quality Control (Linux name: Quality_Control)

User already exists: omarhishan
Added omarhishan to group: Quality Control (Linux name: Quality_Control)

User already exists: ailyasharaf
Added ailyasharaf to group: Major Mfg Projects (Linux name: Major_Mfg_Projects)

User already exists: lwiyqbany
Added lwiyqbany to group: Manufacturing (Linux name: Manufacturing)

User already exists: ahmadbikri
Added ahmadbikri to group: Manufacturing (Linux name: Manufacturing)

User already exists: muhamadzueitr
Added muhamadzueitr to group: Product Development (Linux name: Product_Development)

User already exists: iinalhalaliu
Added iinalhalaliu to group: Sales (Linux name: Sales)

User already exists: muhamadalaya
Added muhamadalaya to group: Account Management (Linux name: Account_Management)

User already exists: susinalmilat
Added susinalmilat to group: Green Building (Linux name: Green_Building)

User already exists: muhamadalrifaei
Added muhamadalrifaei to group: Account Management (Linux name: Account_Management)

User already exists: muhamadalqadah
Added muhamadalqadah to group: Manufacturing (Linux name: Manufacturing)

User already exists: muhamadiad
Added muhamadiad to group: IT (Linux name: IT)

User already exists: razaannasif
Added razaannasif to group: Facilities/Engineering (Linux name: Facilities_Engineering)

User already exists: iiliandbs
Added iiliandbs to group: Facilities/Engineering (Linux name: Facilities_Engineering)

User already exists: bayanqdw
Added bayanqdw to group: Marketing (Linux name: Marketing)

User already exists: alaamuhamad
Added alaamuhamad to group: Sales (Linux name: Sales)

User already exists: sandraaljurmqaniu
Added sandraaljurmqaniu to group: Account Management (Linux name: Account_Management)

User already exists: farahadhusayn
Added farahadhusayn to group: Quality Control (Linux name: Quality_Control)

User already exists: ahedsalim
Added ahedsalim to group: Quality Control (Linux name: Quality_Control)

User already exists: ayhamtutwnji
Added ayhamtutwnji to group: Product Development (Linux name: Product_Development)

User already exists: samiralsafdi
Added samiralsafdi to group: Account Management (Linux name: Account_Management)

User already exists: bilaljalal
Added bilaljalal to group: Manufacturing Admin (Linux name: Manufacturing_Admin)

User already exists: riadsahalul
Added riadsahalul to group: Training (Linux name: Training)

User already exists: ahmadahmad
Added ahmadahmad to group: Quality Assurance (Linux name: Quality_Assurance)

User already exists: muhamadaltarah
Added muhamadaltarah to group: IT (Linux name: IT)

User already exists: lwnaabu
Added lwnaabu to group: Product Development (Linux name: Product_Development)

User already exists: jalalalmuluhi
Added jalalalmuluhi to group: Quality Control (Linux name: Quality_Control)

User already exists: ranamius
Added ranamius to group: Manufacturing (Linux name: Manufacturing)

User already exists: linaaljabaan
Added linaaljabaan to group: Quality Control (Linux name: Quality_Control)

User already exists: ramishanan
Added ramishanan to group: Professional Training Group (Linux name: Professional_Training_Group)

User already exists: ealaalhaj
Added ealaalhaj to group: Quality Assurance (Linux name: Quality_Assurance)

User already exists: ghalibzakianiin
Added ghalibzakianiin to group: Environmental Compliance (Linux name: Environmental_Compliance)

User already exists: muhamadeurul
Added muhamadeurul to group: Quality Assurance (Linux name: Quality_Assurance)

User already exists: eizatghanim
Added eizatghanim to group: Product Development (Linux name: Product_Development)

User already exists: ahmadswyd
Added ahmadswyd to group: Sales (Linux name: Sales)

User already exists: muhamadaleass
Added muhamadaleass to group: Manufacturing (Linux name: Manufacturing)

